Estimation of Geodesics...
Travel time = 2.5003
Travel time = 2.5003
Estimation of tack points...
Travel time = 2.1723
Travel time = 2.4354
Estimation of Expected Geodesics...
Travel time = 2.5003
Travel time = 2.5003
Estimation of tack points...
Travel time = 2.1723
Travel time = 2.4354
Computing curves for simulation 1/5...
	Estimation of Geodesics...
Travel time = 2.5003
Travel time = 2.5003
	Estimation 1 tack points...
Travel time = 2.1723
Travel time = 2.4354
Computing curves for simulation 2/5...
	Estimation of Geodesics...
Travel time = 2.5003
Travel time = 2.5003
	Estimation 1 tack points...
Travel time = 2.1723
Travel time = 2.4354
Computing curves for simulation 3/5...
	Estimation of Geodesics...
Travel time = 2.5003
Travel time = 2.5003
	Estimation 1 tack points...
Travel time = 2.1723
Travel time = 2.4354
Computing curves for simulation 4/5...
	Estimation of Geodesics...
Travel time = 2.5003
Travel time = 2.5003
	Estimation 1 tack points...
Travel time = 2.1723
Travel time = 2.4354
Computing curves for simulation 5/5...
	Estimation of Geodesics...
Travel time = 2.5003
Travel time = 2.5003
	Estimation 1 tack points...
Travel time = 2.1723
Travel time = 2.4354
