Estimation of Geodesics...
Travel time = 1.9199
Travel time = 5.6430
Estimation of tack points...
Travel time = 1.9203
Travel time = 1.9233
Estimation of Expected Geodesics...
Travel time = 1.9284
Travel time = 5.7784
Estimation of tack points...
Travel time = 1.9291
Travel time = 1.9340
Computing curves for simulation 1/5...
	Estimation of Geodesics...
Travel time = 1.8992
Travel time = 5.2581
	Estimation 1 tack points...
Travel time = 1.8997
Travel time = 1.9016
Computing curves for simulation 2/5...
	Estimation of Geodesics...
Travel time = 1.9300
Travel time = 4.6341
	Estimation 1 tack points...
Travel time = 1.9302
Travel time = 1.9330
Computing curves for simulation 3/5...
	Estimation of Geodesics...
Travel time = 1.8611
Travel time = 6.7789
	Estimation 1 tack points...
Travel time = 1.8618
Travel time = 1.8627
Computing curves for simulation 4/5...
	Estimation of Geodesics...
Travel time = 1.8800
Travel time = 7.3422
	Estimation 1 tack points...
Travel time = 1.8804
Travel time = 1.8876
Computing curves for simulation 5/5...
	Estimation of Geodesics...
Travel time = 1.9688
Travel time = 6.6034
	Estimation 1 tack points...
Travel time = 1.9702
Travel time = 1.9724
