Estimation of Geodesics...
Travel time = 4.5141
Travel time = 4.5141
Estimation of tack points...
Travel time = 4.1109
Travel time = 4.1109
Estimation of Expected Geodesics...
Travel time = 4.5620
Travel time = 4.5696
Estimation of tack points...
Travel time = 4.1580
Travel time = 4.1580
Computing curves for simulation 1/5...
	Estimation of Geodesics...
Travel time = 4.4890
Travel time = 4.5770
	Estimation 1 tack points...
Travel time = 4.1270
Travel time = 4.1270
Computing curves for simulation 2/5...
	Estimation of Geodesics...
Travel time = 4.5275
Travel time = 4.8455
	Estimation 1 tack points...
Travel time = 4.2531
Travel time = 4.2531
Computing curves for simulation 3/5...
	Estimation of Geodesics...
Travel time = 4.4499
Travel time = 4.4313
	Estimation 1 tack points...
Travel time = 4.0440
Travel time = 4.0440
Computing curves for simulation 4/5...
	Estimation of Geodesics...
Travel time = 4.4684
Travel time = 4.4116
	Estimation 1 tack points...
Travel time = 4.0429
Travel time = 4.0429
Computing curves for simulation 5/5...
	Estimation of Geodesics...
Travel time = 4.5879
Travel time = 4.4393
	Estimation 1 tack points...
Travel time = 4.1071
Travel time = 4.1071
