Estimation of Geodesics...
[1. 1.]
[-54.813 -41.635]
Travel time = 3.5467
[1. 1.]
[-54.813 -41.635]
Travel time = 3.5469
Estimation of tack points...
[1. 1.]
[-54.813 -41.635]
Travel time = 2.3991
[1. 1.]
[-54.813 -41.635]
Travel time = 3.5510
Estimation of Expected Geodesics...
[1. 1.]
[-54.813 -41.635]
Travel time = 3.5672
[1. 1.]
[-54.813 -41.635]
Travel time = 3.5657
Estimation of tack points...
[1. 1.]
[-54.813 -41.635]
Travel time = 2.4134
[1. 1.]
[-54.813 -41.635]
Travel time = 3.5674
Computing curves for simulation 1/5...
	Estimation of Geodesics...
[1. 1.]
[-54.813 -41.635]
Travel time = 3.5575
[1. 1.]
[-54.813 -41.635]
Travel time = 3.5295
	Estimation 1 tack points...
[1. 1.]
[-54.813 -41.635]
Travel time = 2.4123
[1. 1.]
[-54.813 -41.635]
Travel time = 3.5321
Computing curves for simulation 2/5...
	Estimation of Geodesics...
[1. 1.]
[-54.813 -41.635]
Travel time = 3.5420
[1. 1.]
[-54.813 -41.635]
Travel time = 3.5094
	Estimation 1 tack points...
[1. 1.]
[-54.813 -41.635]
Travel time = 2.4941
[1. 1.]
[-54.813 -41.635]
Travel time = 3.5100
Computing curves for simulation 3/5...
	Estimation of Geodesics...
[1. 1.]
[-54.813 -41.635]
Travel time = 3.5820
[1. 1.]
[-54.813 -41.635]
Travel time = 3.5980
	Estimation 1 tack points...
[1. 1.]
[-54.813 -41.635]
Travel time = 2.3126
[1. 1.]
[-54.813 -41.635]
Travel time = 3.5845
Computing curves for simulation 4/5...
	Estimation of Geodesics...
[1. 1.]
[-54.813 -41.635]
Travel time = 3.5690
[1. 1.]
[-54.813 -41.635]
Travel time = 3.6210
	Estimation 1 tack points...
[1. 1.]
[-54.813 -41.635]
Travel time = 2.3084
[1. 1.]
[-54.813 -41.635]
Travel time = 3.5732
Computing curves for simulation 5/5...
	Estimation of Geodesics...
[1. 1.]
[-54.813 -41.635]
Travel time = 3.5273
[1. 1.]
[-54.813 -41.635]
Travel time = 3.5913
	Estimation 1 tack points...
[1. 1.]
[-54.813 -41.635]
Travel time = 2.3842
[1. 1.]
[-54.813 -41.635]
Travel time = 3.5294
