Estimation of Geodesics...
Travel time = 1.7821
Travel time = 1.7825
Estimation of tack points...
Travel time = 1.2766
Travel time = 1.7825
Estimation of Expected Geodesics...
Travel time = 1.7927
Travel time = 1.7921
Estimation of tack points...
Travel time = 1.2846
Travel time = 1.7929
Computing curves for simulation 1/5...
	Estimation of Geodesics...
Travel time = 1.7880
Travel time = 1.7730
	Estimation 1 tack points...
Travel time = 1.2838
Travel time = 1.7741
Computing curves for simulation 2/5...
	Estimation of Geodesics...
Travel time = 1.7796
Travel time = 1.7610
	Estimation 1 tack points...
Travel time = 1.3289
Travel time = 1.7621
Computing curves for simulation 3/5...
	Estimation of Geodesics...
Travel time = 1.8009
Travel time = 1.8100
	Estimation 1 tack points...
Travel time = 1.2293
Travel time = 1.8033
Computing curves for simulation 4/5...
	Estimation of Geodesics...
Travel time = 1.7941
Travel time = 1.8219
	Estimation 1 tack points...
Travel time = 1.2270
Travel time = 1.7954
Computing curves for simulation 5/5...
	Estimation of Geodesics...
Travel time = 1.7715
Travel time = 1.8060
	Estimation 1 tack points...
Travel time = 1.2685
Travel time = 1.7723
