Estimation of Geodesics...
[1. 1.]
[-54.226 -45.893]
Travel time = 0.9680
[1. 1.]
[-54.226 -45.893]
Travel time = 2.8215
Estimation of tack points...
[1. 1.]
[-54.226 -45.893]
Travel time = 0.9684
[1. 1.]
[-54.226 -45.893]
Travel time = 0.9692
Estimation of Expected Geodesics...
[1. 1.]
[-54.226 -45.893]
Travel time = 0.9724
[1. 1.]
[-54.226 -45.893]
Travel time = 2.8892
Estimation of tack points...
[1. 1.]
[-54.226 -45.893]
Travel time = 0.9725
[1. 1.]
[-54.226 -45.893]
Travel time = 0.9729
Computing curves for simulation 1/5...
	Estimation of Geodesics...
[1. 1.]
[-54.226 -45.893]
Travel time = 0.9573
[1. 1.]
[-54.226 -45.893]
Travel time = 2.6291
	Estimation 1 tack points...
[1. 1.]
[-54.226 -45.893]
Travel time = 0.9580
[1. 1.]
[-54.226 -45.893]
Travel time = 0.9589
Computing curves for simulation 2/5...
	Estimation of Geodesics...
[1. 1.]
[-54.226 -45.893]
Travel time = 0.9732
[1. 1.]
[-54.226 -45.893]
Travel time = 2.3171
	Estimation 1 tack points...
[1. 1.]
[-54.226 -45.893]
Travel time = 0.9735
[1. 1.]
[-54.226 -45.893]
Travel time = 0.9744
Computing curves for simulation 3/5...
	Estimation of Geodesics...
[1. 1.]
[-54.226 -45.893]
Travel time = 0.9377
[1. 1.]
[-54.226 -45.893]
Travel time = 3.3896
	Estimation 1 tack points...
[1. 1.]
[-54.226 -45.893]
Travel time = 0.9385
[1. 1.]
[-54.226 -45.893]
Travel time = 0.9385
Computing curves for simulation 4/5...
	Estimation of Geodesics...
[1. 1.]
[-54.226 -45.893]
Travel time = 0.9475
[1. 1.]
[-54.226 -45.893]
Travel time = 3.6713
	Estimation 1 tack points...
[1. 1.]
[-54.226 -45.893]
Travel time = 0.9481
[1. 1.]
[-54.226 -45.893]
Travel time = 0.9487
Computing curves for simulation 5/5...
	Estimation of Geodesics...
[1. 1.]
[-54.226 -45.893]
Travel time = 0.9933
[1. 1.]
[-54.226 -45.893]
Travel time = 3.3017
	Estimation 1 tack points...
[1. 1.]
[-54.226 -45.893]
Travel time = 0.9938
[1. 1.]
[-54.226 -45.893]
Travel time = 0.9943
