Estimation of Geodesics...
[1. 1.]
[-56.3   -55.333]
Travel time = 3.0691
[1. 1.]
[-56.3   -55.333]
Travel time = 8.2438
Estimation of tack points...
[1. 1.]
[-56.3   -55.333]
Travel time = 3.0843
[1. 1.]
[-56.3   -55.333]
Travel time = 3.0705
Estimation of Expected Geodesics...
[1. 1.]
[-56.3   -55.333]
Travel time = 3.1120
[1. 1.]
[-56.3   -55.333]
Travel time = 8.5422
Estimation of tack points...
[1. 1.]
[-56.3   -55.333]
Travel time = 3.1198
[1. 1.]
[-56.3   -55.333]
Travel time = 3.1146
Computing curves for simulation 1/5...
	Estimation of Geodesics...
[1. 1.]
[-56.3   -55.333]
Travel time = 3.1176
[1. 1.]
[-56.3   -55.333]
Travel time = 7.4864
	Estimation 1 tack points...
[1. 1.]
[-56.3   -55.333]
Travel time = 3.1218
[1. 1.]
[-56.3   -55.333]
Travel time = 3.1204
Computing curves for simulation 2/5...
	Estimation of Geodesics...
[1. 1.]
[-56.3   -55.333]
Travel time = 3.0480
[1. 1.]
[-56.3   -55.333]
Travel time = 6.2284
	Estimation 1 tack points...
[1. 1.]
[-56.3   -55.333]
Travel time = 3.0106
[1. 1.]
[-56.3   -55.333]
Travel time = 3.0508
Computing curves for simulation 3/5...
	Estimation of Geodesics...
[1. 1.]
[-56.3   -55.333]
Travel time = 3.2301
[1. 1.]
[-56.3   -55.333]
Travel time = 10.4065
	Estimation 1 tack points...
[1. 1.]
[-56.3   -55.333]
Travel time = 3.1833
[1. 1.]
[-56.3   -55.333]
Travel time = 3.2339
Computing curves for simulation 4/5...
	Estimation of Geodesics...
[1. 1.]
[-56.3   -55.333]
Travel time = 3.1698
[1. 1.]
[-56.3   -55.333]
Travel time = 11.4317
	Estimation 1 tack points...
[1. 1.]
[-56.3   -55.333]
Travel time = 3.1402
[1. 1.]
[-56.3   -55.333]
Travel time = 3.1737
Computing curves for simulation 5/5...
	Estimation of Geodesics...
[1. 1.]
[-56.3   -55.333]
Travel time = 2.9797
[1. 1.]
[-56.3   -55.333]
Travel time = 10.0797
	Estimation 1 tack points...
[1. 1.]
[-56.3   -55.333]
Travel time = 2.9679
[1. 1.]
[-56.3   -55.333]
Travel time = 2.9808
