Estimation of Geodesics...
Travel time = 1.3270
Travel time = 1.3271
Estimation of tack points...
Travel time = 0.9751
Travel time = 1.3279
Estimation of Expected Geodesics...
Travel time = 1.3333
Travel time = 1.3334
Estimation of tack points...
Travel time = 0.9812
Travel time = 1.3342
Computing curves for simulation 1/5...
	Estimation of Geodesics...
Travel time = 1.3279
Travel time = 1.3267
	Estimation 1 tack points...
Travel time = 0.9809
Travel time = 1.3276
Computing curves for simulation 2/5...
	Estimation of Geodesics...
Travel time = 1.3268
Travel time = 1.3316
	Estimation 1 tack points...
Travel time = 1.0164
Travel time = 1.3324
Computing curves for simulation 3/5...
	Estimation of Geodesics...
Travel time = 1.3308
Travel time = 1.3333
	Estimation 1 tack points...
Travel time = 0.9379
Travel time = 1.3317
Computing curves for simulation 4/5...
	Estimation of Geodesics...
Travel time = 1.3292
Travel time = 1.3371
	Estimation 1 tack points...
Travel time = 0.9361
Travel time = 1.3303
Computing curves for simulation 5/5...
	Estimation of Geodesics...
Travel time = 1.3267
Travel time = 1.3322
	Estimation 1 tack points...
Travel time = 0.9690
Travel time = 1.3278
