Estimation of Geodesics...
Travel time = 1.4284
Travel time = 4.1817
Estimation of tack points...
Travel time = 1.4299
Travel time = 1.4295
Estimation of Expected Geodesics...
Travel time = 1.4436
Travel time = 4.2331
Estimation of tack points...
Travel time = 1.4460
Travel time = 1.4450
Computing curves for simulation 1/5...
	Estimation of Geodesics...
Travel time = 1.4205
Travel time = 4.2400
	Estimation 1 tack points...
Travel time = 1.4213
Travel time = 1.4209
Computing curves for simulation 2/5...
	Estimation of Geodesics...
Travel time = 1.4327
Travel time = 4.4887
	Estimation 1 tack points...
Travel time = 1.4332
Travel time = 1.4342
Computing curves for simulation 3/5...
	Estimation of Geodesics...
Travel time = 1.4081
Travel time = 4.1050
	Estimation 1 tack points...
Travel time = 1.4096
Travel time = 1.4090
Computing curves for simulation 4/5...
	Estimation of Geodesics...
Travel time = 1.4140
Travel time = 4.0867
	Estimation 1 tack points...
Travel time = 1.4161
Travel time = 1.4154
Computing curves for simulation 5/5...
	Estimation of Geodesics...
Travel time = 1.4518
Travel time = 4.1124
	Estimation 1 tack points...
Travel time = 1.4529
Travel time = 1.4539
