Estimation of Geodesics...
Travel time = 2.1091
Travel time = 2.1093
Estimation of tack points...
Travel time = 1.5779
Travel time = 2.1098
Estimation of Expected Geodesics...
Travel time = 2.1228
Travel time = 2.1212
Estimation of tack points...
Travel time = 1.5888
Travel time = 2.1219
Computing curves for simulation 1/5...
	Estimation of Geodesics...
Travel time = 2.1185
Travel time = 2.0936
	Estimation 1 tack points...
Travel time = 1.5878
Travel time = 2.0946
Computing curves for simulation 2/5...
	Estimation of Geodesics...
Travel time = 2.1050
Travel time = 2.0801
	Estimation 1 tack points...
Travel time = 1.6473
Travel time = 2.0828
Computing curves for simulation 3/5...
	Estimation of Geodesics...
Travel time = 2.1391
Travel time = 2.1747
	Estimation 1 tack points...
Travel time = 1.5159
Travel time = 2.1398
Computing curves for simulation 4/5...
	Estimation of Geodesics...
Travel time = 2.1282
Travel time = 2.1938
	Estimation 1 tack points...
Travel time = 1.5128
Travel time = 2.1294
Computing curves for simulation 5/5...
	Estimation of Geodesics...
Travel time = 2.0915
Travel time = 2.1682
	Estimation 1 tack points...
Travel time = 1.5659
Travel time = 2.0921
