Estimation of Geodesics...
Travel time = 13.0207
Travel time = 37.1458
Estimation of tack points...
Travel time = 13.0215
Travel time = 13.0220
Estimation of Expected Geodesics...
Travel time = 13.1590
Travel time = 37.6023
Estimation of tack points...
Travel time = 13.1606
Travel time = 13.1599
Computing curves for simulation 1/5...
	Estimation of Geodesics...
Travel time = 12.9482
Travel time = 37.6636
	Estimation 1 tack points...
Travel time = 12.9490
Travel time = 12.9491
Computing curves for simulation 2/5...
	Estimation of Geodesics...
Travel time = 13.0593
Travel time = 39.8726
	Estimation 1 tack points...
Travel time = 13.0608
Travel time = 13.0608
Computing curves for simulation 3/5...
	Estimation of Geodesics...
Travel time = 12.8356
Travel time = 36.4648
	Estimation 1 tack points...
Travel time = 12.8369
Travel time = 12.8365
Computing curves for simulation 4/5...
	Estimation of Geodesics...
Travel time = 12.8887
Travel time = 36.3022
	Estimation 1 tack points...
Travel time = 12.8894
Travel time = 12.8897
Computing curves for simulation 5/5...
	Estimation of Geodesics...
Travel time = 13.2336
Travel time = 36.5304
	Estimation 1 tack points...
Travel time = 13.2339
Travel time = 13.2341
