Estimation of Geodesics...
Travel time = 3.4515
Travel time = 9.2440
Estimation of tack points...
Travel time = 3.4520
Travel time = 3.4523
Estimation of Expected Geodesics...
Travel time = 3.4515
Travel time = 9.2440
Estimation of tack points...
Travel time = 3.4520
Travel time = 3.4523
Computing curves for simulation 1/5...
	Estimation of Geodesics...
Travel time = 3.4515
Travel time = 9.2440
	Estimation 1 tack points...
Travel time = 3.4520
Travel time = 3.4523
Computing curves for simulation 2/5...
	Estimation of Geodesics...
Travel time = 3.4515
Travel time = 9.2440
	Estimation 1 tack points...
Travel time = 3.4520
Travel time = 3.4523
Computing curves for simulation 3/5...
	Estimation of Geodesics...
Travel time = 3.4515
Travel time = 9.2440
	Estimation 1 tack points...
Travel time = 3.4520
Travel time = 3.4523
Computing curves for simulation 4/5...
	Estimation of Geodesics...
Travel time = 3.4515
Travel time = 9.2440
	Estimation 1 tack points...
Travel time = 3.4520
Travel time = 3.4523
Computing curves for simulation 5/5...
	Estimation of Geodesics...
Travel time = 3.4515
Travel time = 9.2440
	Estimation 1 tack points...
Travel time = 3.4520
Travel time = 3.4523
