Estimation of Geodesics...
[1. 1.]
[-59.748 -33.709]
Travel time = 4.0642
[1. 1.]
[-59.748 -33.709]
Travel time = 4.0643
Estimation of tack points...
[1. 1.]
[-59.748 -33.709]
Travel time = 2.7334
[1. 1.]
[-59.748 -33.709]
Travel time = 4.0661
Estimation of Expected Geodesics...
[1. 1.]
[-59.748 -33.709]
Travel time = 4.0903
[1. 1.]
[-59.748 -33.709]
Travel time = 4.0873
Estimation of tack points...
[1. 1.]
[-59.748 -33.709]
Travel time = 2.7500
[1. 1.]
[-59.748 -33.709]
Travel time = 4.0885
Computing curves for simulation 1/5...
	Estimation of Geodesics...
[1. 1.]
[-59.748 -33.709]
Travel time = 4.0775
[1. 1.]
[-59.748 -33.709]
Travel time = 4.0349
	Estimation 1 tack points...
[1. 1.]
[-59.748 -33.709]
Travel time = 2.7484
[1. 1.]
[-59.748 -33.709]
Travel time = 4.0378
Computing curves for simulation 2/5...
	Estimation of Geodesics...
[1. 1.]
[-59.748 -33.709]
Travel time = 4.0565
[1. 1.]
[-59.748 -33.709]
Travel time = 3.9923
	Estimation 1 tack points...
[1. 1.]
[-59.748 -33.709]
Travel time = 2.8410
[1. 1.]
[-59.748 -33.709]
Travel time = 3.9935
Computing curves for simulation 3/5...
	Estimation of Geodesics...
[1. 1.]
[-59.748 -33.709]
Travel time = 4.1154
[1. 1.]
[-59.748 -33.709]
Travel time = 4.1407
	Estimation 1 tack points...
[1. 1.]
[-59.748 -33.709]
Travel time = 2.6367
[1. 1.]
[-59.748 -33.709]
Travel time = 4.1185
Computing curves for simulation 4/5...
	Estimation of Geodesics...
[1. 1.]
[-59.748 -33.709]
Travel time = 4.0955
[1. 1.]
[-59.748 -33.709]
Travel time = 4.1780
	Estimation 1 tack points...
[1. 1.]
[-59.748 -33.709]
Travel time = 2.6321
[1. 1.]
[-59.748 -33.709]
Travel time = 4.0974
Computing curves for simulation 5/5...
	Estimation of Geodesics...
[1. 1.]
[-59.748 -33.709]
Travel time = 4.0311
[1. 1.]
[-59.748 -33.709]
Travel time = 4.1292
	Estimation 1 tack points...
[1. 1.]
[-59.748 -33.709]
Travel time = 2.7159
[1. 1.]
[-59.748 -33.709]
Travel time = 4.0338
