Estimation of Geodesics...
Travel time = 4.8100
Travel time = 4.8100
Estimation of tack points...
Travel time = 4.1795
Travel time = 4.7919
Estimation of Expected Geodesics...
Travel time = 4.8100
Travel time = 4.8100
Estimation of tack points...
Travel time = 4.1795
Travel time = 4.7919
Computing curves for simulation 1/5...
	Estimation of Geodesics...
Travel time = 4.8100
Travel time = 4.8100
	Estimation 1 tack points...
Travel time = 4.1795
Travel time = 4.7919
Computing curves for simulation 2/5...
	Estimation of Geodesics...
Travel time = 4.8100
Travel time = 4.8100
	Estimation 1 tack points...
Travel time = 4.1795
Travel time = 4.7919
Computing curves for simulation 3/5...
	Estimation of Geodesics...
Travel time = 4.8100
Travel time = 4.8100
	Estimation 1 tack points...
Travel time = 4.1795
Travel time = 4.7919
Computing curves for simulation 4/5...
	Estimation of Geodesics...
Travel time = 4.8100
Travel time = 4.8100
	Estimation 1 tack points...
Travel time = 4.1795
Travel time = 4.7919
Computing curves for simulation 5/5...
	Estimation of Geodesics...
Travel time = 4.8100
Travel time = 4.8100
	Estimation 1 tack points...
Travel time = 4.1795
Travel time = 4.7919
