Estimation of Expected Geodesics...
Travel time = 2.0555
Travel time = 2.0672
Estimation of expected tack points...
Travel time = 1.5093
Travel time = 2.0556
Computing curves for simulation 1/5...
	Estimation of Geodesics...
Travel time = 2.0529
Travel time = 2.0435
	Estimation 1 tack points...
Travel time = 1.5158
Travel time = 2.0444
Computing curves for simulation 2/5...
	Estimation of Geodesics...
Travel time = 2.0548
Travel time = 2.0192
	Estimation 1 tack points...
Travel time = 1.5703
Travel time = 2.0206
Computing curves for simulation 3/5...
	Estimation of Geodesics...
Travel time = 2.0718
Travel time = 2.0847
	Estimation 1 tack points...
Travel time = 1.4494
Travel time = 2.0735
Computing curves for simulation 4/5...
	Estimation of Geodesics...
Travel time = 2.0618
Travel time = 2.1214
	Estimation 1 tack points...
Travel time = 1.4461
Travel time = 2.0649
Computing curves for simulation 5/5...
	Estimation of Geodesics...
Travel time = 2.0406
Travel time = 2.0789
	Estimation 1 tack points...
Travel time = 1.4951
Travel time = 2.0416
