Estimation of Geodesics...
Travel time = 12.3920
Travel time = 35.3404
Estimation of tack points...
Travel time = 12.3930
Travel time = 12.3944
Estimation of Expected Geodesics...
Travel time = 12.3920
Travel time = 35.3404
Estimation of tack points...
Travel time = 12.3930
Travel time = 12.3944
Computing curves for simulation 1/5...
	Estimation of Geodesics...
Travel time = 12.3920
Travel time = 35.3404
	Estimation 1 tack points...
Travel time = 12.3930
Travel time = 12.3944
Computing curves for simulation 2/5...
	Estimation of Geodesics...
Travel time = 12.3920
Travel time = 35.3404
	Estimation 1 tack points...
Travel time = 12.3930
Travel time = 12.3944
Computing curves for simulation 3/5...
	Estimation of Geodesics...
Travel time = 12.3920
Travel time = 35.3404
	Estimation 1 tack points...
Travel time = 12.3930
Travel time = 12.3944
Computing curves for simulation 4/5...
	Estimation of Geodesics...
Travel time = 12.3920
Travel time = 35.3404
	Estimation 1 tack points...
Travel time = 12.3930
Travel time = 12.3944
Computing curves for simulation 5/5...
	Estimation of Geodesics...
Travel time = 12.3920
Travel time = 35.3404
	Estimation 1 tack points...
Travel time = 12.3930
Travel time = 12.3944
