Estimation of Geodesics...
Travel time = 8.4146
Travel time = 8.4146
Estimation of tack points...
Travel time = 5.6729
Travel time = 8.4180
Estimation of Expected Geodesics...
Travel time = 8.4697
Travel time = 8.4633
Estimation of tack points...
Travel time = 5.7069
Travel time = 8.4646
Computing curves for simulation 1/5...
	Estimation of Geodesics...
Travel time = 8.4525
Travel time = 8.3491
	Estimation 1 tack points...
Travel time = 5.7063
Travel time = 8.3513
Computing curves for simulation 2/5...
	Estimation of Geodesics...
Travel time = 8.3975
Travel time = 8.2509
	Estimation 1 tack points...
Travel time = 5.8988
Travel time = 8.2529
Computing curves for simulation 3/5...
	Estimation of Geodesics...
Travel time = 8.5359
Travel time = 8.5904
	Estimation 1 tack points...
Travel time = 5.4764
Travel time = 8.5391
Computing curves for simulation 4/5...
	Estimation of Geodesics...
Travel time = 8.4922
Travel time = 8.6639
	Estimation 1 tack points...
Travel time = 5.4684
Travel time = 8.4950
Computing curves for simulation 5/5...
	Estimation of Geodesics...
Travel time = 8.3408
Travel time = 8.5655
	Estimation 1 tack points...
Travel time = 5.6436
Travel time = 8.3437
