Estimation of Geodesics...
[1. 1.]
[-50.232 -36.056]
Travel time = -4.1036
[1. 1.]
[-50.232 -36.056]
Travel time = -1.2161
Estimation of tack points...
[1. 1.]
[-50.232 -36.056]
Travel time = 0.0006
[1. 1.]
[-50.232 -36.056]
Travel time = -1.9403
Estimation of Expected Geodesics...
[1. 1.]
[-50.232 -36.056]
Travel time = -4.2270
[1. 1.]
[-50.232 -36.056]
Travel time = -1.2184
Estimation of tack points...
[1. 1.]
[-50.232 -36.056]
Travel time = -0.0006
[1. 1.]
[-50.232 -36.056]
Travel time = -2.2418
Computing curves for simulation 1/5...
	Estimation of Geodesics...
[1. 1.]
[-50.232 -36.056]
Travel time = -4.2460
[1. 1.]
[-50.232 -36.056]
Travel time = -1.2353
	Estimation 1 tack points...
[1. 1.]
[-50.232 -36.056]
Travel time = -0.0220
[1. 1.]
[-50.232 -36.056]
Travel time = -2.0838
Computing curves for simulation 2/5...
	Estimation of Geodesics...
[1. 1.]
[-50.232 -36.056]
Travel time = -4.0838
[1. 1.]
[-50.232 -36.056]
Travel time = -1.2033
	Estimation 1 tack points...
[1. 1.]
[-50.232 -36.056]
Travel time = -0.0170
[1. 1.]
[-50.232 -36.056]
Travel time = -1.3010
Computing curves for simulation 3/5...
	Estimation of Geodesics...
[1. 1.]
[-50.232 -36.056]
Travel time = -5.1915
[1. 1.]
[-50.232 -36.056]
Travel time = -1.0978
	Estimation 1 tack points...
[1. 1.]
[-50.232 -36.056]
Travel time = -0.0189
[1. 1.]
[-50.232 -36.056]
Travel time = -2.2827
Computing curves for simulation 4/5...
	Estimation of Geodesics...
[1. 1.]
[-50.232 -36.056]
Travel time = -4.6522
[1. 1.]
[-50.232 -36.056]
Travel time = -1.2461
	Estimation 1 tack points...
[1. 1.]
[-50.232 -36.056]
Travel time = -0.0008
[1. 1.]
[-50.232 -36.056]
Travel time = -2.2139
Computing curves for simulation 5/5...
	Estimation of Geodesics...
[1. 1.]
[-50.232 -36.056]
Travel time = -4.0315
[1. 1.]
[-50.232 -36.056]
Travel time = -1.1183
	Estimation 1 tack points...
[1. 1.]
[-50.232 -36.056]
Travel time = -0.0138
[1. 1.]
[-50.232 -36.056]
Travel time = -2.2008
