Estimation of Geodesics...
Travel time = 5.2895
Travel time = 5.2895
Estimation of tack points...
Travel time = 3.7483
Travel time = 5.2971
Estimation of Expected Geodesics...
Travel time = 5.3150
Travel time = 5.3150
Estimation of tack points...
Travel time = 3.7707
Travel time = 5.3197
Computing curves for simulation 1/5...
	Estimation of Geodesics...
Travel time = 5.2945
Travel time = 5.2845
	Estimation 1 tack points...
Travel time = 3.7697
Travel time = 5.2872
Computing curves for simulation 2/5...
	Estimation of Geodesics...
Travel time = 5.2877
Travel time = 5.2959
	Estimation 1 tack points...
Travel time = 3.9007
Travel time = 5.2965
Computing curves for simulation 3/5...
	Estimation of Geodesics...
Travel time = 5.3088
Travel time = 5.3199
	Estimation 1 tack points...
Travel time = 3.6131
Travel time = 5.3152
Computing curves for simulation 4/5...
	Estimation of Geodesics...
Travel time = 5.3008
Travel time = 5.3364
	Estimation 1 tack points...
Travel time = 3.6064
Travel time = 5.3019
Computing curves for simulation 5/5...
	Estimation of Geodesics...
Travel time = 5.2842
Travel time = 5.3147
	Estimation 1 tack points...
Travel time = 3.7251
Travel time = 5.2898
