Estimation of Expected Geodesics...
Travel time = 4.1071
Travel time = 4.1270
Estimation of expected tack points...
Travel time = 2.7523
Travel time = 4.1091
Computing curves for simulation 1/5...
	Estimation of Geodesics...
Travel time = 4.0982
Travel time = 4.0549
	Estimation 1 tack points...
Travel time = 2.7634
Travel time = 4.0584
Computing curves for simulation 2/5...
	Estimation of Geodesics...
Travel time = 4.0768
Travel time = 4.0114
	Estimation 1 tack points...
Travel time = 2.8565
Travel time = 4.0124
Computing curves for simulation 3/5...
	Estimation of Geodesics...
Travel time = 4.1366
Travel time = 4.1622
	Estimation 1 tack points...
Travel time = 2.6507
Travel time = 4.1431
Computing curves for simulation 4/5...
	Estimation of Geodesics...
Travel time = 4.1164
Travel time = 4.2001
	Estimation 1 tack points...
Travel time = 2.6463
Travel time = 4.1183
Computing curves for simulation 5/5...
	Estimation of Geodesics...
Travel time = 4.0510
Travel time = 4.1506
	Estimation 1 tack points...
Travel time = 2.7308
Travel time = 4.0529
