Estimation of Geodesics...
Travel time = 2.2918
Travel time = 2.2918
Estimation of tack points...
Travel time = 2.0871
Travel time = 2.0871
Estimation of Expected Geodesics...
Travel time = 2.3161
Travel time = 2.3199
Estimation of tack points...
Travel time = 2.1110
Travel time = 2.1110
Computing curves for simulation 1/5...
	Estimation of Geodesics...
Travel time = 2.2790
Travel time = 2.3237
	Estimation 1 tack points...
Travel time = 2.0952
Travel time = 2.0952
Computing curves for simulation 2/5...
	Estimation of Geodesics...
Travel time = 2.2986
Travel time = 2.4600
	Estimation 1 tack points...
Travel time = 2.1593
Travel time = 2.1593
Computing curves for simulation 3/5...
	Estimation of Geodesics...
Travel time = 2.2592
Travel time = 2.2498
	Estimation 1 tack points...
Travel time = 2.0531
Travel time = 2.0531
Computing curves for simulation 4/5...
	Estimation of Geodesics...
Travel time = 2.2686
Travel time = 2.2397
	Estimation 1 tack points...
Travel time = 2.0526
Travel time = 2.0526
Computing curves for simulation 5/5...
	Estimation of Geodesics...
Travel time = 2.3292
Travel time = 2.2538
	Estimation 1 tack points...
Travel time = 2.0852
Travel time = 2.0852
