Estimation of Geodesics...
[1. 1.]
[-57.521 -49.502]
Travel time = 2.6498
[1. 1.]
[-57.521 -49.502]
Travel time = 2.6499
Estimation of tack points...
[1. 1.]
[-57.521 -49.502]
Travel time = 1.9503
[1. 1.]
[-57.521 -49.502]
Travel time = 2.6526
Estimation of Expected Geodesics...
[1. 1.]
[-57.521 -49.502]
Travel time = 2.6626
[1. 1.]
[-57.521 -49.502]
Travel time = 2.6626
Estimation of tack points...
[1. 1.]
[-57.521 -49.502]
Travel time = 1.9623
[1. 1.]
[-57.521 -49.502]
Travel time = 2.6647
Computing curves for simulation 1/5...
	Estimation of Geodesics...
[1. 1.]
[-57.521 -49.502]
Travel time = 2.6524
[1. 1.]
[-57.521 -49.502]
Travel time = 2.6472
	Estimation 1 tack points...
[1. 1.]
[-57.521 -49.502]
Travel time = 1.9618
[1. 1.]
[-57.521 -49.502]
Travel time = 2.6485
Computing curves for simulation 2/5...
	Estimation of Geodesics...
[1. 1.]
[-57.521 -49.502]
Travel time = 2.6489
[1. 1.]
[-57.521 -49.502]
Travel time = 2.6525
	Estimation 1 tack points...
[1. 1.]
[-57.521 -49.502]
Travel time = 2.0328
[1. 1.]
[-57.521 -49.502]
Travel time = 2.6587
Computing curves for simulation 3/5...
	Estimation of Geodesics...
[1. 1.]
[-57.521 -49.502]
Travel time = 2.6595
[1. 1.]
[-57.521 -49.502]
Travel time = 2.6651
	Estimation 1 tack points...
[1. 1.]
[-57.521 -49.502]
Travel time = 1.8757
[1. 1.]
[-57.521 -49.502]
Travel time = 2.6602
Computing curves for simulation 4/5...
	Estimation of Geodesics...
[1. 1.]
[-57.521 -49.502]
Travel time = 2.6555
[1. 1.]
[-57.521 -49.502]
Travel time = 2.6733
	Estimation 1 tack points...
[1. 1.]
[-57.521 -49.502]
Travel time = 1.8722
[1. 1.]
[-57.521 -49.502]
Travel time = 2.6591
Computing curves for simulation 5/5...
	Estimation of Geodesics...
[1. 1.]
[-57.521 -49.502]
Travel time = 2.6470
[1. 1.]
[-57.521 -49.502]
Travel time = 2.6625
	Estimation 1 tack points...
[1. 1.]
[-57.521 -49.502]
Travel time = 1.9379
[1. 1.]
[-57.521 -49.502]
Travel time = 2.6504
