Estimation of Geodesics...
Travel time = 3.8251
Travel time = 3.8251
Estimation of tack points...
Travel time = 3.3335
Travel time = 3.7994
Estimation of Expected Geodesics...
Travel time = 3.8251
Travel time = 3.8251
Estimation of tack points...
Travel time = 3.3335
Travel time = 3.7994
Computing curves for simulation 1/5...
	Estimation of Geodesics...
Travel time = 3.8251
Travel time = 3.8251
	Estimation 1 tack points...
Travel time = 3.3335
Travel time = 3.7994
Computing curves for simulation 2/5...
	Estimation of Geodesics...
Travel time = 3.8251
Travel time = 3.8251
	Estimation 1 tack points...
Travel time = 3.3335
Travel time = 3.7994
Computing curves for simulation 3/5...
	Estimation of Geodesics...
Travel time = 3.8251
Travel time = 3.8251
	Estimation 1 tack points...
Travel time = 3.3335
Travel time = 3.7994
Computing curves for simulation 4/5...
	Estimation of Geodesics...
Travel time = 3.8251
Travel time = 3.8251
	Estimation 1 tack points...
Travel time = 3.3335
Travel time = 3.7994
Computing curves for simulation 5/5...
	Estimation of Geodesics...
Travel time = 3.8251
Travel time = 3.8251
	Estimation 1 tack points...
Travel time = 3.3335
Travel time = 3.7994
