Estimation of Geodesics...
Travel time = 7.0827
Travel time = 7.0828
Estimation of tack points...
Travel time = 4.7908
Travel time = 7.0861
Estimation of Expected Geodesics...
Travel time = 7.1243
Travel time = 7.1207
Estimation of tack points...
Travel time = 4.8193
Travel time = 7.1258
Computing curves for simulation 1/5...
	Estimation of Geodesics...
Travel time = 7.1050
Travel time = 7.0467
	Estimation 1 tack points...
Travel time = 4.8171
Travel time = 7.0519
Computing curves for simulation 2/5...
	Estimation of Geodesics...
Travel time = 7.0731
Travel time = 7.0022
	Estimation 1 tack points...
Travel time = 4.9801
Travel time = 7.0056
Computing curves for simulation 3/5...
	Estimation of Geodesics...
Travel time = 7.1545
Travel time = 7.1880
	Estimation 1 tack points...
Travel time = 4.6187
Travel time = 7.1610
Computing curves for simulation 4/5...
	Estimation of Geodesics...
Travel time = 7.1282
Travel time = 7.2336
	Estimation 1 tack points...
Travel time = 4.6104
Travel time = 7.1369
Computing curves for simulation 5/5...
	Estimation of Geodesics...
Travel time = 7.0423
Travel time = 7.1727
	Estimation 1 tack points...
Travel time = 4.7614
Travel time = 7.0464
