Estimation of Geodesics...
Travel time = 1.5345
Travel time = 4.1257
Estimation of tack points...
Travel time = 1.5452
Travel time = 1.5360
Estimation of Expected Geodesics...
Travel time = 1.5562
Travel time = 4.2757
Estimation of tack points...
Travel time = 1.5631
Travel time = 1.5577
Computing curves for simulation 1/5...
	Estimation of Geodesics...
Travel time = 1.5589
Travel time = 3.7448
	Estimation 1 tack points...
Travel time = 1.5625
Travel time = 1.5612
Computing curves for simulation 2/5...
	Estimation of Geodesics...
Travel time = 1.5240
Travel time = 3.1165
	Estimation 1 tack points...
Travel time = 1.5063
Travel time = 1.5247
Computing curves for simulation 3/5...
	Estimation of Geodesics...
Travel time = 1.6151
Travel time = 5.2073
	Estimation 1 tack points...
Travel time = 1.5917
Travel time = 1.6162
Computing curves for simulation 4/5...
	Estimation of Geodesics...
Travel time = 1.5850
Travel time = 5.7240
	Estimation 1 tack points...
Travel time = 1.5703
Travel time = 1.5860
Computing curves for simulation 5/5...
	Estimation of Geodesics...
Travel time = 1.4898
Travel time = 5.0434
	Estimation 1 tack points...
Travel time = 1.4839
Travel time = 1.4904
