Estimation of Geodesics...
Travel time = 5.1225
Travel time = 5.1225
Estimation of tack points...
Travel time = 4.4522
Travel time = 5.1078
Estimation of Expected Geodesics...
Travel time = 5.1225
Travel time = 5.1225
Estimation of tack points...
Travel time = 4.4522
Travel time = 5.1078
Computing curves for simulation 1/5...
	Estimation of Geodesics...
Travel time = 5.1225
Travel time = 5.1225
	Estimation 1 tack points...
Travel time = 4.4522
Travel time = 5.1078
Computing curves for simulation 2/5...
	Estimation of Geodesics...
Travel time = 5.1225
Travel time = 5.1225
	Estimation 1 tack points...
Travel time = 4.4522
Travel time = 5.1078
Computing curves for simulation 3/5...
	Estimation of Geodesics...
Travel time = 5.1225
Travel time = 5.1225
	Estimation 1 tack points...
Travel time = 4.4522
Travel time = 5.1078
Computing curves for simulation 4/5...
	Estimation of Geodesics...
Travel time = 5.1225
Travel time = 5.1225
	Estimation 1 tack points...
Travel time = 4.4522
Travel time = 5.1078
Computing curves for simulation 5/5...
	Estimation of Geodesics...
Travel time = 5.1225
Travel time = 5.1225
	Estimation 1 tack points...
Travel time = 4.4522
Travel time = 5.1078
