Estimation of Geodesics...
Travel time = 2.0487
Travel time = 2.0496
Estimation of tack points...
Travel time = 1.4969
Travel time = 2.0499
Estimation of Expected Geodesics...
Travel time = 2.0469
Travel time = 2.0456
Estimation of tack points...
Travel time = 1.5069
Travel time = 2.0470
Computing curves for simulation 1/5...
	Estimation of Geodesics...
Travel time = 2.0425
Travel time = 2.0333
	Estimation 1 tack points...
Travel time = 1.5051
Travel time = 2.0356
Computing curves for simulation 2/5...
	Estimation of Geodesics...
Travel time = 2.0445
Travel time = 2.0095
	Estimation 1 tack points...
Travel time = 1.5589
Travel time = 2.0102
Computing curves for simulation 3/5...
	Estimation of Geodesics...
Travel time = 2.0612
Travel time = 2.0738
	Estimation 1 tack points...
Travel time = 1.4395
Travel time = 2.0628
Computing curves for simulation 4/5...
	Estimation of Geodesics...
Travel time = 2.0513
Travel time = 2.1100
	Estimation 1 tack points...
Travel time = 1.4363
Travel time = 2.0524
Computing curves for simulation 5/5...
	Estimation of Geodesics...
Travel time = 2.0305
Travel time = 2.0681
	Estimation 1 tack points...
Travel time = 1.4846
Travel time = 2.0313
