Estimation of Geodesics...
Travel time = -2.3581
Travel time = -0.6196
Estimation of tack points...
Travel time = 0.4280
Travel time = -0.8335
Estimation of Expected Geodesics...
Travel time = -2.6797
Travel time = -0.6014
Estimation of tack points...
Travel time = 0.1842
Travel time = -1.1363
Computing curves for simulation 1/5...
	Estimation of Geodesics...
Travel time = -2.7036
Travel time = -0.5937
	Estimation 1 tack points...
Travel time = 0.1775
Travel time = -1.1278
Computing curves for simulation 2/5...
	Estimation of Geodesics...
Travel time = -2.4611
Travel time = -0.6142
	Estimation 1 tack points...
Travel time = 0.1305
Travel time = -1.1172
Computing curves for simulation 3/5...
	Estimation of Geodesics...
Travel time = -2.5973
Travel time = -0.5907
	Estimation 1 tack points...
Travel time = -0.0096
Travel time = -1.2750
Computing curves for simulation 4/5...
	Estimation of Geodesics...
Travel time = -2.4250
Travel time = -0.5864
	Estimation 1 tack points...
Travel time = -0.0172
Travel time = -1.4863
Computing curves for simulation 5/5...
	Estimation of Geodesics...
Travel time = -2.1668
Travel time = -0.5958
	Estimation 1 tack points...
Travel time = 0.2320
Travel time = -0.8913
