Estimation of Geodesics...
Travel time = 3.4769
Travel time = 9.3169
Estimation of tack points...
Travel time = 3.4779
Travel time = 3.4774
Estimation of Expected Geodesics...
Travel time = 3.5138
Travel time = 9.4314
Estimation of tack points...
Travel time = 3.5146
Travel time = 3.5156
Computing curves for simulation 1/5...
	Estimation of Geodesics...
Travel time = 3.4575
Travel time = 9.4468
	Estimation 1 tack points...
Travel time = 3.4591
Travel time = 3.4586
Computing curves for simulation 2/5...
	Estimation of Geodesics...
Travel time = 3.4872
Travel time = 10.0008
	Estimation 1 tack points...
Travel time = 3.4882
Travel time = 3.4876
Computing curves for simulation 3/5...
	Estimation of Geodesics...
Travel time = 3.4275
Travel time = 9.1461
	Estimation 1 tack points...
Travel time = 3.4279
Travel time = 3.4285
Computing curves for simulation 4/5...
	Estimation of Geodesics...
Travel time = 3.4417
Travel time = 9.1053
	Estimation 1 tack points...
Travel time = 3.4426
Travel time = 3.4432
Computing curves for simulation 5/5...
	Estimation of Geodesics...
Travel time = 3.5337
Travel time = 9.1625
	Estimation 1 tack points...
Travel time = 3.5340
Travel time = 3.5351
