Estimation of Geodesics...
Travel time = 0.4840
Travel time = 1.4109
Estimation of tack points...
Travel time = 0.4842
Travel time = 0.4850
Estimation of Expected Geodesics...
Travel time = 0.4862
Travel time = 1.4448
Estimation of tack points...
Travel time = 0.4863
Travel time = 0.4882
Computing curves for simulation 1/5...
	Estimation of Geodesics...
Travel time = 0.4787
Travel time = 1.3146
	Estimation 1 tack points...
Travel time = 0.4788
Travel time = 0.4792
Computing curves for simulation 2/5...
	Estimation of Geodesics...
Travel time = 0.4866
Travel time = 1.1585
	Estimation 1 tack points...
Travel time = 0.4867
Travel time = 0.4872
Computing curves for simulation 3/5...
	Estimation of Geodesics...
Travel time = 0.4688
Travel time = 1.6952
	Estimation 1 tack points...
Travel time = 0.4692
Travel time = 0.4703
Computing curves for simulation 4/5...
	Estimation of Geodesics...
Travel time = 0.4737
Travel time = 1.8362
	Estimation 1 tack points...
Travel time = 0.4739
Travel time = 0.4751
Computing curves for simulation 5/5...
	Estimation of Geodesics...
Travel time = 0.4966
Travel time = 1.6512
	Estimation 1 tack points...
Travel time = 0.4969
Travel time = 0.4969
