Estimation of Geodesics...
Travel time = 4.8200
Travel time = 4.8200
Estimation of tack points...
Travel time = 4.3895
Travel time = 4.3895
Estimation of Expected Geodesics...
Travel time = 4.8713
Travel time = 4.8793
Estimation of tack points...
Travel time = 4.4398
Travel time = 4.4398
Computing curves for simulation 1/5...
	Estimation of Geodesics...
Travel time = 4.7932
Travel time = 4.8872
	Estimation 1 tack points...
Travel time = 4.4067
Travel time = 4.4067
Computing curves for simulation 2/5...
	Estimation of Geodesics...
Travel time = 4.8344
Travel time = 5.1739
	Estimation 1 tack points...
Travel time = 4.5414
Travel time = 4.5414
Computing curves for simulation 3/5...
	Estimation of Geodesics...
Travel time = 4.7515
Travel time = 4.7317
	Estimation 1 tack points...
Travel time = 4.3180
Travel time = 4.3180
Computing curves for simulation 4/5...
	Estimation of Geodesics...
Travel time = 4.7712
Travel time = 4.7106
	Estimation 1 tack points...
Travel time = 4.3169
Travel time = 4.3169
Computing curves for simulation 5/5...
	Estimation of Geodesics...
Travel time = 4.8989
Travel time = 4.7402
	Estimation 1 tack points...
Travel time = 4.3855
Travel time = 4.3855
