Estimation of Geodesics...
Travel time = 1.4221
Travel time = 4.1630
Estimation of tack points...
Travel time = 1.4227
Travel time = 1.4235
Estimation of Expected Geodesics...
Travel time = 1.4221
Travel time = 4.1630
Estimation of tack points...
Travel time = 1.4227
Travel time = 1.4235
Computing curves for simulation 1/5...
	Estimation of Geodesics...
Travel time = 1.4221
Travel time = 4.1630
	Estimation 1 tack points...
Travel time = 1.4227
Travel time = 1.4235
Computing curves for simulation 2/5...
	Estimation of Geodesics...
Travel time = 1.4221
Travel time = 4.1630
	Estimation 1 tack points...
Travel time = 1.4227
Travel time = 1.4235
Computing curves for simulation 3/5...
	Estimation of Geodesics...
Travel time = 1.4221
Travel time = 4.1630
	Estimation 1 tack points...
Travel time = 1.4227
Travel time = 1.4235
Computing curves for simulation 4/5...
	Estimation of Geodesics...
Travel time = 1.4221
Travel time = 4.1630
	Estimation 1 tack points...
Travel time = 1.4227
Travel time = 1.4235
Computing curves for simulation 5/5...
	Estimation of Geodesics...
Travel time = 1.4221
Travel time = 4.1630
	Estimation 1 tack points...
Travel time = 1.4227
Travel time = 1.4235
