Estimation of Geodesics...
Travel time = -6.8737
Travel time = -1.9209
Estimation of tack points...
Travel time = -0.4067
Travel time = -3.2234
Estimation of Expected Geodesics...
Travel time = -6.8737
Travel time = -1.9209
Estimation of tack points...
Travel time = -0.4067
Travel time = -3.2234
Computing curves for simulation 1/5...
	Estimation of Geodesics...
Travel time = -6.8737
Travel time = -1.9209
	Estimation 1 tack points...
Travel time = -0.4067
Travel time = -3.2234
Computing curves for simulation 2/5...
	Estimation of Geodesics...
Travel time = -6.8737
Travel time = -1.9209
	Estimation 1 tack points...
Travel time = -0.4067
Travel time = -3.2234
Computing curves for simulation 3/5...
	Estimation of Geodesics...
Travel time = -6.8737
Travel time = -1.9209
	Estimation 1 tack points...
Travel time = -0.4067
Travel time = -3.2234
Computing curves for simulation 4/5...
	Estimation of Geodesics...
Travel time = -6.8737
Travel time = -1.9209
	Estimation 1 tack points...
Travel time = -0.4067
Travel time = -3.2234
Computing curves for simulation 5/5...
	Estimation of Geodesics...
Travel time = -6.8737
Travel time = -1.9209
	Estimation 1 tack points...
Travel time = -0.4067
Travel time = -3.2234
