Estimation of Geodesics...
[1. 1.]
[-57.197 -41.674]
Travel time = 4.2092
[1. 1.]
[-57.197 -41.674]
Travel time = 4.2094
Estimation of tack points...
[1. 1.]
[-57.197 -41.674]
Travel time = 2.8441
[1. 1.]
[-57.197 -41.674]
Travel time = 4.2115
Estimation of Expected Geodesics...
[1. 1.]
[-57.197 -41.674]
Travel time = 4.2369
[1. 1.]
[-57.197 -41.674]
Travel time = 4.2336
Estimation of tack points...
[1. 1.]
[-57.197 -41.674]
Travel time = 2.8614
[1. 1.]
[-57.197 -41.674]
Travel time = 4.2350
Computing curves for simulation 1/5...
	Estimation of Geodesics...
[1. 1.]
[-57.197 -41.674]
Travel time = 4.2284
[1. 1.]
[-57.197 -41.674]
Travel time = 4.1808
	Estimation 1 tack points...
[1. 1.]
[-57.197 -41.674]
Travel time = 2.8608
[1. 1.]
[-57.197 -41.674]
Travel time = 4.1823
Computing curves for simulation 2/5...
	Estimation of Geodesics...
[1. 1.]
[-57.197 -41.674]
Travel time = 4.2007
[1. 1.]
[-57.197 -41.674]
Travel time = 4.1319
	Estimation 1 tack points...
[1. 1.]
[-57.197 -41.674]
Travel time = 2.9579
[1. 1.]
[-57.197 -41.674]
Travel time = 4.1331
Computing curves for simulation 3/5...
	Estimation of Geodesics...
[1. 1.]
[-57.197 -41.674]
Travel time = 4.2703
[1. 1.]
[-57.197 -41.674]
Travel time = 4.3026
	Estimation 1 tack points...
[1. 1.]
[-57.197 -41.674]
Travel time = 2.7442
[1. 1.]
[-57.197 -41.674]
Travel time = 4.2741
Computing curves for simulation 4/5...
	Estimation of Geodesics...
[1. 1.]
[-57.197 -41.674]
Travel time = 4.2483
[1. 1.]
[-57.197 -41.674]
Travel time = 4.3367
	Estimation 1 tack points...
[1. 1.]
[-57.197 -41.674]
Travel time = 2.7398
[1. 1.]
[-57.197 -41.674]
Travel time = 4.2513
Computing curves for simulation 5/5...
	Estimation of Geodesics...
[1. 1.]
[-57.197 -41.674]
Travel time = 4.1765
[1. 1.]
[-57.197 -41.674]
Travel time = 4.2899
	Estimation 1 tack points...
[1. 1.]
[-57.197 -41.674]
Travel time = 2.8283
[1. 1.]
[-57.197 -41.674]
Travel time = 4.1797
