Estimation of Geodesics...
Travel time = 1.0415
Travel time = 2.6641
Estimation of tack points...
Travel time = 0.9801
Travel time = 1.0425
Estimation of Expected Geodesics...
Travel time = 1.0595
Travel time = 2.7699
Estimation of tack points...
Travel time = 0.9879
Travel time = 1.0610
Computing curves for simulation 1/5...
	Estimation of Geodesics...
Travel time = 1.0655
Travel time = 2.3843
	Estimation 1 tack points...
Travel time = 0.9788
Travel time = 1.0660
Computing curves for simulation 2/5...
	Estimation of Geodesics...
Travel time = 1.0309
Travel time = 1.9349
	Estimation 1 tack points...
Travel time = 0.9514
Travel time = 1.0314
Computing curves for simulation 3/5...
	Estimation of Geodesics...
Travel time = 1.1154
Travel time = 3.4728
	Estimation 1 tack points...
Travel time = 1.0208
Travel time = 1.1171
Computing curves for simulation 4/5...
	Estimation of Geodesics...
Travel time = 1.0909
Travel time = 3.8747
	Estimation 1 tack points...
Travel time = 1.0189
Travel time = 1.0921
Computing curves for simulation 5/5...
	Estimation of Geodesics...
Travel time = 0.9961
Travel time = 3.3465
	Estimation 1 tack points...
Travel time = 0.9728
Travel time = 0.9969
