Estimation of Geodesics...
Travel time = 6.1353
Travel time = 16.4851
Estimation of tack points...
Travel time = 6.1675
Travel time = 6.1426
Estimation of Expected Geodesics...
Travel time = 6.2217
Travel time = 17.0813
Estimation of tack points...
Travel time = 6.2385
Travel time = 6.2306
Computing curves for simulation 1/5...
	Estimation of Geodesics...
Travel time = 6.2326
Travel time = 14.9674
	Estimation 1 tack points...
Travel time = 6.2427
Travel time = 6.2357
Computing curves for simulation 2/5...
	Estimation of Geodesics...
Travel time = 6.0931
Travel time = 12.4518
	Estimation 1 tack points...
Travel time = 6.0213
Travel time = 6.0972
Computing curves for simulation 3/5...
	Estimation of Geodesics...
Travel time = 6.4573
Travel time = 20.8057
	Estimation 1 tack points...
Travel time = 6.3639
Travel time = 6.4600
Computing curves for simulation 4/5...
	Estimation of Geodesics...
Travel time = 6.3369
Travel time = 22.8589
	Estimation 1 tack points...
Travel time = 6.2781
Travel time = 6.3419
Computing curves for simulation 5/5...
	Estimation of Geodesics...
Travel time = 5.9566
Travel time = 20.1532
	Estimation 1 tack points...
Travel time = 5.9331
Travel time = 5.9578
