Estimation of Geodesics...
Travel time = 11.2187
Travel time = 3.0646
Estimation of tack points...
Travel time = 3.0662
Travel time = 3.0657
Estimation of Expected Geodesics...
Travel time = 11.3379
Travel time = 3.1023
Estimation of tack points...
Travel time = 3.1038
Travel time = 3.1030
Computing curves for simulation 1/5...
	Estimation of Geodesics...
Travel time = 11.1563
Travel time = 3.1074
	Estimation 1 tack points...
Travel time = 3.1087
Travel time = 3.1094
Computing curves for simulation 2/5...
	Estimation of Geodesics...
Travel time = 11.2520
Travel time = 3.2896
	Estimation 1 tack points...
Travel time = 3.2922
Travel time = 3.2904
Computing curves for simulation 3/5...
	Estimation of Geodesics...
Travel time = 11.0593
Travel time = 3.0084
	Estimation 1 tack points...
Travel time = 3.0100
Travel time = 3.0101
Computing curves for simulation 4/5...
	Estimation of Geodesics...
Travel time = 11.1051
Travel time = 2.9950
	Estimation 1 tack points...
Travel time = 2.9964
Travel time = 2.9960
Computing curves for simulation 5/5...
	Estimation of Geodesics...
Travel time = 11.4022
Travel time = 3.0139
	Estimation 1 tack points...
Travel time = 3.0150
Travel time = 3.0163
