Estimation of Geodesics...
Travel time = 8.1995
Travel time = 21.9445
Estimation of tack points...
Travel time = 8.1998
Travel time = 8.2000
Estimation of Expected Geodesics...
Travel time = 8.1995
Travel time = 21.9445
Estimation of tack points...
Travel time = 8.1998
Travel time = 8.2000
Computing curves for simulation 1/5...
	Estimation of Geodesics...
Travel time = 8.1995
Travel time = 21.9445
	Estimation 1 tack points...
Travel time = 8.1998
Travel time = 8.2000
Computing curves for simulation 2/5...
	Estimation of Geodesics...
Travel time = 8.1995
Travel time = 21.9445
	Estimation 1 tack points...
Travel time = 8.1998
Travel time = 8.2000
Computing curves for simulation 3/5...
	Estimation of Geodesics...
Travel time = 8.1995
Travel time = 21.9445
	Estimation 1 tack points...
Travel time = 8.1998
Travel time = 8.2000
Computing curves for simulation 4/5...
	Estimation of Geodesics...
Travel time = 8.1995
Travel time = 21.9445
	Estimation 1 tack points...
Travel time = 8.1998
Travel time = 8.2000
Computing curves for simulation 5/5...
	Estimation of Geodesics...
Travel time = 8.1995
Travel time = 21.9445
	Estimation 1 tack points...
Travel time = 8.1998
Travel time = 8.2000
