Estimation of Geodesics...
Travel time = 5.7729
Travel time = 14.6051
Estimation of tack points...
Travel time = 5.3891
Travel time = 5.7762
Estimation of Expected Geodesics...
Travel time = 5.8746
Travel time = 15.1661
Estimation of tack points...
Travel time = 5.4400
Travel time = 5.8764
Computing curves for simulation 1/5...
	Estimation of Geodesics...
Travel time = 5.8932
Travel time = 13.2056
	Estimation 1 tack points...
Travel time = 5.3697
Travel time = 5.9008
Computing curves for simulation 2/5...
	Estimation of Geodesics...
Travel time = 5.7195
Travel time = 10.9029
	Estimation 1 tack points...
Travel time = 5.2341
Travel time = 5.7223
Computing curves for simulation 3/5...
	Estimation of Geodesics...
Travel time = 6.1737
Travel time = 18.6323
	Estimation 1 tack points...
Travel time = 5.6640
Travel time = 6.1842
Computing curves for simulation 4/5...
	Estimation of Geodesics...
Travel time = 6.0237
Travel time = 20.5646
	Estimation 1 tack points...
Travel time = 5.6905
Travel time = 6.0404
Computing curves for simulation 5/5...
	Estimation of Geodesics...
Travel time = 5.5451
Travel time = 18.0206
	Estimation 1 tack points...
Travel time = 5.4063
Travel time = 5.5512
