Estimation of Expected Geodesics...
Travel time = 8.2029
Travel time = 8.2499
Estimation of expected tack points...
Travel time = 5.4938
Travel time = 8.2112
Computing curves for simulation 1/5...
	Estimation of Geodesics...
Travel time = 8.1923
Travel time = 8.0982
	Estimation 1 tack points...
Travel time = 5.5159
Travel time = 8.1029
Computing curves for simulation 2/5...
	Estimation of Geodesics...
Travel time = 8.1421
Travel time = 8.0110
	Estimation 1 tack points...
Travel time = 5.7013
Travel time = 8.0207
Computing curves for simulation 3/5...
	Estimation of Geodesics...
Travel time = 8.2688
Travel time = 8.3189
	Estimation 1 tack points...
Travel time = 5.2929
Travel time = 8.2737
Computing curves for simulation 4/5...
	Estimation of Geodesics...
Travel time = 8.2287
Travel time = 8.3869
	Estimation 1 tack points...
Travel time = 5.2840
Travel time = 8.2373
Computing curves for simulation 5/5...
	Estimation of Geodesics...
Travel time = 8.0907
Travel time = 8.2963
	Estimation 1 tack points...
Travel time = 5.4529
Travel time = 8.0950
