Estimation of Geodesics...
Travel time = 8.5002
Travel time = 22.7599
Estimation of tack points...
Travel time = 8.5011
Travel time = 8.5017
Estimation of Expected Geodesics...
Travel time = 8.5905
Travel time = 23.0396
Estimation of tack points...
Travel time = 8.5914
Travel time = 8.5912
Computing curves for simulation 1/5...
	Estimation of Geodesics...
Travel time = 8.4529
Travel time = 23.0771
	Estimation 1 tack points...
Travel time = 8.4534
Travel time = 8.4543
Computing curves for simulation 2/5...
	Estimation of Geodesics...
Travel time = 8.5254
Travel time = 24.4306
	Estimation 1 tack points...
Travel time = 8.5257
Travel time = 8.5257
Computing curves for simulation 3/5...
	Estimation of Geodesics...
Travel time = 8.3794
Travel time = 22.3426
	Estimation 1 tack points...
Travel time = 8.3803
Travel time = 8.3799
Computing curves for simulation 4/5...
	Estimation of Geodesics...
Travel time = 8.4141
Travel time = 22.2429
	Estimation 1 tack points...
Travel time = 8.4152
Travel time = 8.4147
Computing curves for simulation 5/5...
	Estimation of Geodesics...
Travel time = 8.6392
Travel time = 22.3828
	Estimation 1 tack points...
Travel time = 8.6401
Travel time = 8.6398
