Estimation of Geodesics...
Travel time = 1.4498
Travel time = 3.6583
Estimation of tack points...
Travel time = 1.3498
Travel time = 1.4511
Estimation of Expected Geodesics...
Travel time = 1.4753
Travel time = 3.7957
Estimation of tack points...
Travel time = 1.3624
Travel time = 1.4757
Computing curves for simulation 1/5...
	Estimation of Geodesics...
Travel time = 1.4808
Travel time = 3.3063
	Estimation 1 tack points...
Travel time = 1.3442
Travel time = 1.4813
Computing curves for simulation 2/5...
	Estimation of Geodesics...
Travel time = 1.4363
Travel time = 2.7283
	Estimation 1 tack points...
Travel time = 1.3095
Travel time = 1.4380
Computing curves for simulation 3/5...
	Estimation of Geodesics...
Travel time = 1.5439
Travel time = 4.6689
	Estimation 1 tack points...
Travel time = 1.4193
Travel time = 1.5445
Computing curves for simulation 4/5...
	Estimation of Geodesics...
Travel time = 1.5138
Travel time = 5.1491
	Estimation 1 tack points...
Travel time = 1.4267
Travel time = 1.5153
Computing curves for simulation 5/5...
	Estimation of Geodesics...
Travel time = 1.3921
Travel time = 4.5144
	Estimation 1 tack points...
Travel time = 1.3554
Travel time = 1.3958
