Estimation of Geodesics...
Travel time = -5.1471
Travel time = -2.1934
Estimation of tack points...
Travel time = 0.2834
Travel time = -1.5645
Estimation of Expected Geodesics...
Travel time = -4.8095
Travel time = -2.6248
Estimation of tack points...
Travel time = -0.3545
Travel time = -3.5663
Computing curves for simulation 1/5...
	Estimation of Geodesics...
Travel time = -4.8169
Travel time = -2.5276
	Estimation 1 tack points...
Travel time = -0.0001
Travel time = -1.3089
Computing curves for simulation 2/5...
	Estimation of Geodesics...
Travel time = -7.4357
Travel time = -2.2540
	Estimation 1 tack points...
Travel time = -0.5863
Travel time = -4.0289
Computing curves for simulation 3/5...
	Estimation of Geodesics...
Travel time = -6.3740
Travel time = -2.1979
	Estimation 1 tack points...
Travel time = 12.6628
Travel time = -3.3194
Computing curves for simulation 4/5...
	Estimation of Geodesics...
Travel time = -5.5304
Travel time = -2.2025
	Estimation 1 tack points...
Travel time = -0.0003
Travel time = -3.0972
Computing curves for simulation 5/5...
	Estimation of Geodesics...
Travel time = -6.4463
Travel time = -2.1967
	Estimation 1 tack points...
Travel time = -0.0003
Travel time = -0.7386
