Estimation of Geodesics...
Travel time = 8.1170
Travel time = 8.1170
Estimation of tack points...
Travel time = 5.4561
Travel time = 8.1203
Estimation of Expected Geodesics...
Travel time = 8.1694
Travel time = 8.1632
Estimation of tack points...
Travel time = 5.4890
Travel time = 8.1655
Computing curves for simulation 1/5...
	Estimation of Geodesics...
Travel time = 8.1511
Travel time = 8.0585
	Estimation 1 tack points...
Travel time = 5.4866
Travel time = 8.0604
Computing curves for simulation 2/5...
	Estimation of Geodesics...
Travel time = 8.1017
Travel time = 7.9730
	Estimation 1 tack points...
Travel time = 5.6709
Travel time = 7.9749
Computing curves for simulation 3/5...
	Estimation of Geodesics...
Travel time = 8.2266
Travel time = 8.2760
	Estimation 1 tack points...
Travel time = 5.2648
Travel time = 8.2357
Computing curves for simulation 4/5...
	Estimation of Geodesics...
Travel time = 8.1870
Travel time = 8.3430
	Estimation 1 tack points...
Travel time = 5.2558
Travel time = 8.1957
Computing curves for simulation 5/5...
	Estimation of Geodesics...
Travel time = 8.0511
Travel time = 8.2537
	Estimation 1 tack points...
Travel time = 5.4237
Travel time = 8.0552
