Estimation of Expected Geodesics...
Travel time = 4.6150
Travel time = 4.5756
Estimation of expected tack points...
Travel time = 4.1846
Travel time = 4.1846
Computing curves for simulation 1/5...
	Estimation of Geodesics...
Travel time = 4.5296
Travel time = 4.6184
	Estimation 1 tack points...
Travel time = 4.1643
Travel time = 4.1643
Computing curves for simulation 2/5...
	Estimation of Geodesics...
Travel time = 4.5685
Travel time = 4.8893
	Estimation 1 tack points...
Travel time = 4.2916
Travel time = 4.2916
Computing curves for simulation 3/5...
	Estimation of Geodesics...
Travel time = 4.4902
Travel time = 4.4714
	Estimation 1 tack points...
Travel time = 4.0806
Travel time = 4.0806
Computing curves for simulation 4/5...
	Estimation of Geodesics...
Travel time = 4.5088
Travel time = 4.4515
	Estimation 1 tack points...
Travel time = 4.0795
Travel time = 4.0795
Computing curves for simulation 5/5...
	Estimation of Geodesics...
Travel time = 4.6294
Travel time = 4.4795
	Estimation 1 tack points...
Travel time = 4.1443
Travel time = 4.1443
