Estimation of Expected Geodesics...
Travel time = 4.8524
Travel time = 4.8524
Estimation of expected tack points...
Travel time = 4.2160
Travel time = 4.8346
Computing curves for simulation 1/5...
	Estimation of Geodesics...
Travel time = 4.8524
Travel time = 4.8524
	Estimation 1 tack points...
Travel time = 4.2160
Travel time = 4.8346
Computing curves for simulation 2/5...
	Estimation of Geodesics...
Travel time = 4.8524
Travel time = 4.8524
	Estimation 1 tack points...
Travel time = 4.2160
Travel time = 4.8346
Computing curves for simulation 3/5...
	Estimation of Geodesics...
Travel time = 4.8524
Travel time = 4.8524
	Estimation 1 tack points...
Travel time = 4.2160
Travel time = 4.8346
Computing curves for simulation 4/5...
	Estimation of Geodesics...
Travel time = 4.8524
Travel time = 4.8524
	Estimation 1 tack points...
Travel time = 4.2160
Travel time = 4.8346
Computing curves for simulation 5/5...
	Estimation of Geodesics...
Travel time = 4.8524
Travel time = 4.8524
	Estimation 1 tack points...
Travel time = 4.2160
Travel time = 4.8346
