Estimation of Geodesics...
Travel time = 3.5700
Travel time = 3.5700
Estimation of tack points...
Travel time = 3.2512
Travel time = 3.2512
Estimation of Expected Geodesics...
Travel time = 3.6079
Travel time = 3.6139
Estimation of tack points...
Travel time = 3.2884
Travel time = 3.2884
Computing curves for simulation 1/5...
	Estimation of Geodesics...
Travel time = 3.5502
Travel time = 3.6198
	Estimation 1 tack points...
Travel time = 3.2639
Travel time = 3.2639
Computing curves for simulation 2/5...
	Estimation of Geodesics...
Travel time = 3.5806
Travel time = 3.8321
	Estimation 1 tack points...
Travel time = 3.3636
Travel time = 3.3636
Computing curves for simulation 3/5...
	Estimation of Geodesics...
Travel time = 3.5193
Travel time = 3.5046
	Estimation 1 tack points...
Travel time = 3.1982
Travel time = 3.1982
Computing curves for simulation 4/5...
	Estimation of Geodesics...
Travel time = 3.5339
Travel time = 3.4889
	Estimation 1 tack points...
Travel time = 3.1974
Travel time = 3.1974
Computing curves for simulation 5/5...
	Estimation of Geodesics...
Travel time = 3.6284
Travel time = 3.5109
	Estimation 1 tack points...
Travel time = 3.2482
Travel time = 3.2482
