Estimation of Geodesics...
Travel time = 4.1484
Travel time = 10.6122
Estimation of tack points...
Travel time = 3.9126
Travel time = 4.1516
Estimation of Expected Geodesics...
Travel time = 4.2193
Travel time = 11.0732
Estimation of tack points...
Travel time = 3.9435
Travel time = 4.2251
Computing curves for simulation 1/5...
	Estimation of Geodesics...
Travel time = 4.2424
Travel time = 9.5073
	Estimation 1 tack points...
Travel time = 3.9097
Travel time = 4.2509
Computing curves for simulation 2/5...
	Estimation of Geodesics...
Travel time = 4.1071
Travel time = 7.7259
	Estimation 1 tack points...
Travel time = 3.8016
Travel time = 4.1110
Computing curves for simulation 3/5...
	Estimation of Geodesics...
Travel time = 4.4553
Travel time = 13.8758
	Estimation 1 tack points...
Travel time = 4.0725
Travel time = 4.4628
Computing curves for simulation 4/5...
	Estimation of Geodesics...
Travel time = 4.3419
Travel time = 15.4830
	Estimation 1 tack points...
Travel time = 4.0639
Travel time = 4.3504
Computing curves for simulation 5/5...
	Estimation of Geodesics...
Travel time = 3.9710
Travel time = 13.3725
	Estimation 1 tack points...
Travel time = 3.8822
Travel time = 3.9806
