Estimation of Geodesics...
[1. 1.]
[-56.17  -45.424]
Travel time = 2.0771
[1. 1.]
[-56.17  -45.424]
Travel time = 5.3071
Estimation of tack points...
[1. 1.]
[-56.17  -45.424]
Travel time = 1.9572
[1. 1.]
[-56.17  -45.424]
Travel time = 2.0810
Estimation of Expected Geodesics...
[1. 1.]
[-56.17  -45.424]
Travel time = 2.1124
[1. 1.]
[-56.17  -45.424]
Travel time = 5.5380
Estimation of tack points...
[1. 1.]
[-56.17  -45.424]
Travel time = 1.9726
[1. 1.]
[-56.17  -45.424]
Travel time = 2.1153
Computing curves for simulation 1/5...
	Estimation of Geodesics...
[1. 1.]
[-56.17  -45.424]
Travel time = 2.1242
[1. 1.]
[-56.17  -45.424]
Travel time = 4.7553
	Estimation 1 tack points...
[1. 1.]
[-56.17  -45.424]
Travel time = 1.9548
[1. 1.]
[-56.17  -45.424]
Travel time = 2.1278
Computing curves for simulation 2/5...
	Estimation of Geodesics...
[1. 1.]
[-56.17  -45.424]
Travel time = 2.0564
[1. 1.]
[-56.17  -45.424]
Travel time = 3.8637
	Estimation 1 tack points...
[1. 1.]
[-56.17  -45.424]
Travel time = 1.9008
[1. 1.]
[-56.17  -45.424]
Travel time = 2.0581
Computing curves for simulation 3/5...
	Estimation of Geodesics...
[1. 1.]
[-56.17  -45.424]
Travel time = 2.2308
[1. 1.]
[-56.17  -45.424]
Travel time = 6.9392
	Estimation 1 tack points...
[1. 1.]
[-56.17  -45.424]
Travel time = 2.0372
[1. 1.]
[-56.17  -45.424]
Travel time = 2.2350
Computing curves for simulation 4/5...
	Estimation of Geodesics...
[1. 1.]
[-56.17  -45.424]
Travel time = 2.1740
[1. 1.]
[-56.17  -45.424]
Travel time = 7.7420
	Estimation 1 tack points...
[1. 1.]
[-56.17  -45.424]
Travel time = 2.0331
[1. 1.]
[-56.17  -45.424]
Travel time = 2.1754
Computing curves for simulation 5/5...
	Estimation of Geodesics...
[1. 1.]
[-56.17  -45.424]
Travel time = 1.9882
[1. 1.]
[-56.17  -45.424]
Travel time = 6.6873
	Estimation 1 tack points...
[1. 1.]
[-56.17  -45.424]
Travel time = 1.9425
[1. 1.]
[-56.17  -45.424]
Travel time = 1.9898
