Estimation of Geodesics...
[1. 1.]
[-60.353 -54.156]
Travel time = 2.8862
[1. 1.]
[-60.353 -54.156]
Travel time = 7.3054
Estimation of tack points...
[1. 1.]
[-60.353 -54.156]
Travel time = 2.6948
[1. 1.]
[-60.353 -54.156]
Travel time = 2.8872
Estimation of Expected Geodesics...
[1. 1.]
[-60.353 -54.156]
Travel time = 2.9371
[1. 1.]
[-60.353 -54.156]
Travel time = 7.5865
Estimation of tack points...
[1. 1.]
[-60.353 -54.156]
Travel time = 2.7203
[1. 1.]
[-60.353 -54.156]
Travel time = 2.9417
Computing curves for simulation 1/5...
	Estimation of Geodesics...
[1. 1.]
[-60.353 -54.156]
Travel time = 2.9474
[1. 1.]
[-60.353 -54.156]
Travel time = 6.6068
	Estimation 1 tack points...
[1. 1.]
[-60.353 -54.156]
Travel time = 2.6851
[1. 1.]
[-60.353 -54.156]
Travel time = 2.9523
Computing curves for simulation 2/5...
	Estimation of Geodesics...
[1. 1.]
[-60.353 -54.156]
Travel time = 2.8595
[1. 1.]
[-60.353 -54.156]
Travel time = 5.4531
	Estimation 1 tack points...
[1. 1.]
[-60.353 -54.156]
Travel time = 2.6191
[1. 1.]
[-60.353 -54.156]
Travel time = 2.8611
Computing curves for simulation 3/5...
	Estimation of Geodesics...
[1. 1.]
[-60.353 -54.156]
Travel time = 3.0877
[1. 1.]
[-60.353 -54.156]
Travel time = 9.3190
	Estimation 1 tack points...
[1. 1.]
[-60.353 -54.156]
Travel time = 2.8323
[1. 1.]
[-60.353 -54.156]
Travel time = 3.0949
Computing curves for simulation 4/5...
	Estimation of Geodesics...
[1. 1.]
[-60.353 -54.156]
Travel time = 3.0127
[1. 1.]
[-60.353 -54.156]
Travel time = 10.2845
	Estimation 1 tack points...
[1. 1.]
[-60.353 -54.156]
Travel time = 2.8454
[1. 1.]
[-60.353 -54.156]
Travel time = 3.0139
Computing curves for simulation 5/5...
	Estimation of Geodesics...
[1. 1.]
[-60.353 -54.156]
Travel time = 2.7723
[1. 1.]
[-60.353 -54.156]
Travel time = 9.0133
	Estimation 1 tack points...
[1. 1.]
[-60.353 -54.156]
Travel time = 2.7033
[1. 1.]
[-60.353 -54.156]
Travel time = 2.7726
