Loaded dependency [python3/3.10.12]: sqlite3/3.42.0
Loaded module: python3/3.10.12

Switching from python3/3.10.12 to python3/3.10.12
  Loading requirement: sqlite3/3.42.0
2025-03-09 06:46:47.462142: E external/xla/xla/service/slow_operation_alarm.cc:65] 
********************************
[Compiling module jit__lambda_] Very slow compile? If you want to file a bug, run with envvar XLA_FLAGS=--xla_dump_to=/tmp/foo and attach the results.
********************************
2025-03-09 06:46:48.687658: E external/xla/xla/service/slow_operation_alarm.cc:133] The operation took 2m1.224694973s

********************************
[Compiling module jit__lambda_] Very slow compile? If you want to file a bug, run with envvar XLA_FLAGS=--xla_dump_to=/tmp/foo and attach the results.
********************************
2025-03-09 07:20:38.545982: E external/xla/xla/service/slow_operation_alarm.cc:133] The operation took 2m32.393440464s

********************************
[Compiling module jit__lambda_] Very slow compile? If you want to file a bug, run with envvar XLA_FLAGS=--xla_dump_to=/tmp/foo and attach the results.
********************************
2025-03-09 07:40:44.579532: E external/xla/xla/service/slow_operation_alarm.cc:133] The operation took 2m33.521484364s

********************************
[Compiling module jit__lambda_] Very slow compile? If you want to file a bug, run with envvar XLA_FLAGS=--xla_dump_to=/tmp/foo and attach the results.
********************************
2025-03-09 08:00:36.071495: E external/xla/xla/service/slow_operation_alarm.cc:65] 
********************************
[Compiling module jit__lambda_] Very slow compile? If you want to file a bug, run with envvar XLA_FLAGS=--xla_dump_to=/tmp/foo and attach the results.
********************************
2025-03-09 08:02:19.787540: E external/xla/xla/service/slow_operation_alarm.cc:133] The operation took 3m43.715749386s

********************************
[Compiling module jit__lambda_] Very slow compile? If you want to file a bug, run with envvar XLA_FLAGS=--xla_dump_to=/tmp/foo and attach the results.
********************************
2025-03-09 08:26:30.661278: E external/xla/xla/service/slow_operation_alarm.cc:133] The operation took 3m40.599144431s

********************************
[Compiling module jit__lambda_] Very slow compile? If you want to file a bug, run with envvar XLA_FLAGS=--xla_dump_to=/tmp/foo and attach the results.
********************************
2025-03-09 08:49:15.411610: E external/xla/xla/service/slow_operation_alarm.cc:65] 
********************************
[Compiling module jit__lambda_] Very slow compile? If you want to file a bug, run with envvar XLA_FLAGS=--xla_dump_to=/tmp/foo and attach the results.
********************************
2025-03-09 08:52:21.237386: E external/xla/xla/service/slow_operation_alarm.cc:133] The operation took 5m5.825460384s

********************************
[Compiling module jit__lambda_] Very slow compile? If you want to file a bug, run with envvar XLA_FLAGS=--xla_dump_to=/tmp/foo and attach the results.
********************************
2025-03-09 09:17:37.051137: E external/xla/xla/service/slow_operation_alarm.cc:65] 
********************************
[Compiling module jit__lambda_] Very slow compile? If you want to file a bug, run with envvar XLA_FLAGS=--xla_dump_to=/tmp/foo and attach the results.
********************************
2025-03-09 09:20:39.961586: E external/xla/xla/service/slow_operation_alarm.cc:133] The operation took 5m2.909898874s

********************************
[Compiling module jit__lambda_] Very slow compile? If you want to file a bug, run with envvar XLA_FLAGS=--xla_dump_to=/tmp/foo and attach the results.
********************************
