Loaded dependency [python3/3.10.12]: sqlite3/3.42.0
Loaded module: python3/3.10.12

Switching from python3/3.10.12 to python3/3.10.12
  Loading requirement: sqlite3/3.42.0
2025-03-13 04:37:01.937137: E external/xla/xla/service/slow_operation_alarm.cc:65] 
********************************
[Compiling module jit__lambda_] Very slow compile? If you want to file a bug, run with envvar XLA_FLAGS=--xla_dump_to=/tmp/foo and attach the results.
********************************
2025-03-13 04:37:55.368534: E external/xla/xla/service/slow_operation_alarm.cc:133] The operation took 2m53.431014958s

********************************
[Compiling module jit__lambda_] Very slow compile? If you want to file a bug, run with envvar XLA_FLAGS=--xla_dump_to=/tmp/foo and attach the results.
********************************
2025-03-13 04:58:52.419535: E external/xla/xla/service/slow_operation_alarm.cc:133] The operation took 2m54.369272901s

********************************
[Compiling module jit__lambda_] Very slow compile? If you want to file a bug, run with envvar XLA_FLAGS=--xla_dump_to=/tmp/foo and attach the results.
********************************
2025-03-13 05:21:33.829360: E external/xla/xla/service/slow_operation_alarm.cc:133] The operation took 4m20.57833876s

********************************
[Compiling module jit__lambda_] Very slow compile? If you want to file a bug, run with envvar XLA_FLAGS=--xla_dump_to=/tmp/foo and attach the results.
********************************
2025-03-13 05:44:43.435272: E external/xla/xla/service/slow_operation_alarm.cc:65] 
********************************
[Compiling module jit__lambda_] Very slow compile? If you want to file a bug, run with envvar XLA_FLAGS=--xla_dump_to=/tmp/foo and attach the results.
********************************
2025-03-13 05:47:01.218199: E external/xla/xla/service/slow_operation_alarm.cc:133] The operation took 4m17.782523555s

********************************
[Compiling module jit__lambda_] Very slow compile? If you want to file a bug, run with envvar XLA_FLAGS=--xla_dump_to=/tmp/foo and attach the results.
********************************
2025-03-13 06:14:23.606778: E external/xla/xla/service/slow_operation_alarm.cc:133] The operation took 5m55.29574207s

********************************
[Compiling module jit__lambda_] Very slow compile? If you want to file a bug, run with envvar XLA_FLAGS=--xla_dump_to=/tmp/foo and attach the results.
********************************
2025-03-13 06:40:34.828575: E external/xla/xla/service/slow_operation_alarm.cc:65] 
********************************
[Compiling module jit__lambda_] Very slow compile? If you want to file a bug, run with envvar XLA_FLAGS=--xla_dump_to=/tmp/foo and attach the results.
********************************
2025-03-13 06:44:31.374907: E external/xla/xla/service/slow_operation_alarm.cc:133] The operation took 5m56.545880992s

********************************
[Compiling module jit__lambda_] Very slow compile? If you want to file a bug, run with envvar XLA_FLAGS=--xla_dump_to=/tmp/foo and attach the results.
********************************
