Loaded dependency [python3/3.10.12]: sqlite3/3.42.0
Loaded module: python3/3.10.12

Switching from python3/3.10.12 to python3/3.10.12
  Loading requirement: sqlite3/3.42.0
2025-03-10 06:27:47.650583: E external/xla/xla/service/slow_operation_alarm.cc:65] 
********************************
[Compiling module jit__lambda_] Very slow compile? If you want to file a bug, run with envvar XLA_FLAGS=--xla_dump_to=/tmp/foo and attach the results.
********************************
2025-03-10 06:28:27.244843: E external/xla/xla/service/slow_operation_alarm.cc:133] The operation took 2m39.593901592s

********************************
[Compiling module jit__lambda_] Very slow compile? If you want to file a bug, run with envvar XLA_FLAGS=--xla_dump_to=/tmp/foo and attach the results.
********************************
2025-03-10 06:50:04.448320: E external/xla/xla/service/slow_operation_alarm.cc:133] The operation took 2m37.400941365s

********************************
[Compiling module jit__lambda_] Very slow compile? If you want to file a bug, run with envvar XLA_FLAGS=--xla_dump_to=/tmp/foo and attach the results.
********************************
2025-03-10 07:13:11.598228: E external/xla/xla/service/slow_operation_alarm.cc:133] The operation took 3m51.291634847s

********************************
[Compiling module jit__lambda_] Very slow compile? If you want to file a bug, run with envvar XLA_FLAGS=--xla_dump_to=/tmp/foo and attach the results.
********************************
2025-03-10 07:37:23.929510: E external/xla/xla/service/slow_operation_alarm.cc:65] 
********************************
[Compiling module jit__lambda_] Very slow compile? If you want to file a bug, run with envvar XLA_FLAGS=--xla_dump_to=/tmp/foo and attach the results.
********************************
2025-03-10 07:39:15.151970: E external/xla/xla/service/slow_operation_alarm.cc:133] The operation took 3m51.221982183s

********************************
[Compiling module jit__lambda_] Very slow compile? If you want to file a bug, run with envvar XLA_FLAGS=--xla_dump_to=/tmp/foo and attach the results.
********************************
2025-03-10 08:07:10.244806: E external/xla/xla/service/slow_operation_alarm.cc:133] The operation took 5m22.740035981s

********************************
[Compiling module jit__lambda_] Very slow compile? If you want to file a bug, run with envvar XLA_FLAGS=--xla_dump_to=/tmp/foo and attach the results.
********************************
2025-03-10 08:34:19.821754: E external/xla/xla/service/slow_operation_alarm.cc:65] 
********************************
[Compiling module jit__lambda_] Very slow compile? If you want to file a bug, run with envvar XLA_FLAGS=--xla_dump_to=/tmp/foo and attach the results.
********************************
2025-03-10 08:37:32.852028: E external/xla/xla/service/slow_operation_alarm.cc:133] The operation took 5m13.029956422s

********************************
[Compiling module jit__lambda_] Very slow compile? If you want to file a bug, run with envvar XLA_FLAGS=--xla_dump_to=/tmp/foo and attach the results.
********************************
